Using pre-set license
Built from '2020.2/release' branch; Version is '2020.2.0f1 (3721df5a8b28) revision 3613151'; Using compiler version '192528614'; Build Type 'Release'
OS: 'Windows 10  (10.0.0) 64bit' Language: 'ko' Physical Memory: 16283 MB
BatchMode: 1, IsHumanControllingUs: 0, StartBugReporterOnCrash: 0, Is64bit: 1, IsPro: 0

 COMMAND LINE ARGUMENTS:
C:\Program Files\Unity\Hub\Editor\2020.2.0f1\Editor\Unity.exe
-adb2
-batchMode
-noUpm
-name
AssetImportWorker0
-projectPath
C:/Users/mingu/Desktop/Code/Game/DungeonEditor
-logFile
Logs/AssetImportWorker0.log
-srvPort
12711
Successfully changed project path to: C:/Users/mingu/Desktop/Code/Game/DungeonEditor
C:/Users/mingu/Desktop/Code/Game/DungeonEditor
Using Asset Import Pipeline V2.
Refreshing native plugins compatible for Editor in 66.01 ms, found 1 plugins.
Preloading 0 native plugins for Editor in 0.00 ms.
Initialize engine version: 2020.2.0f1 (3721df5a8b28)
[Subsystems] Discovering subsystems at path C:/Program Files/Unity/Hub/Editor/2020.2.0f1/Editor/Data/Resources/UnitySubsystems
[Subsystems] Discovering subsystems at path C:/Users/mingu/Desktop/Code/Game/DungeonEditor/Assets
GfxDevice: creating device client; threaded=0
Direct3D:
    Version:  Direct3D 11.0 [level 11.0]
    Renderer: NVIDIA GeForce GTX 560 (ID=0x1201)
    Vendor:   
    VRAM:     979 MB
    Driver:   23.21.13.8813
Shader 'Universal Render Pipeline/Particles/Lit': fallback shader 'Universal Render Pipeline/Particles/SimpleLit' not found
Initialize mono
Mono path[0] = 'C:/Program Files/Unity/Hub/Editor/2020.2.0f1/Editor/Data/Managed'
Mono path[1] = 'C:/Program Files/Unity/Hub/Editor/2020.2.0f1/Editor/Data/MonoBleedingEdge/lib/mono/unityjit'
Mono config path = 'C:/Program Files/Unity/Hub/Editor/2020.2.0f1/Editor/Data/MonoBleedingEdge/etc'
Using monoOptions --debugger-agent=transport=dt_socket,embedding=1,server=y,suspend=n,address=127.0.0.1:56272
Begin MonoManager ReloadAssembly
Registering precompiled unity dll's ...
Register platform support module: C:/Program Files/Unity/Hub/Editor/2020.2.0f1/Editor/Data/PlaybackEngines/WindowsStandaloneSupport/UnityEditor.WindowsStandalone.Extensions.dll
Registered in 0.003542 seconds.
Native extension for WindowsStandalone target not found
Refreshing native plugins compatible for Editor in 66.57 ms, found 1 plugins.
Preloading 0 native plugins for Editor in 0.00 ms.
Invoked RoslynAnalysisRunner static constructor.
RoslynAnalysisRunner will not be running.
RoslynAnalysisRunner has terminated.
Mono: successfully reloaded assembly
- Completed reload, in  1.789 seconds
Platform modules already initialized, skipping
Registering precompiled user dll's ...
Registered in 0.006612 seconds.
Begin MonoManager ReloadAssembly
Native extension for WindowsStandalone target not found
Refreshing native plugins compatible for Editor in 99.66 ms, found 1 plugins.
Preloading 0 native plugins for Editor in 0.00 ms.
Invoked RoslynAnalysisRunner static constructor.
RoslynAnalysisRunner will not be running.
RoslynAnalysisRunner has terminated.
Mono: successfully reloaded assembly
- Completed reload, in  1.587 seconds
Platform modules already initialized, skipping
========================================================================
Worker process is ready to serve import requests
Shader 'Universal Render Pipeline/Particles/Lit': fallback shader 'Universal Render Pipeline/Particles/SimpleLit' not found
Launched and connected shader compiler UnityShaderCompiler.exe after 0.07 seconds
Refreshing native plugins compatible for Editor in 1.38 ms, found 1 plugins.
Preloading 0 native plugins for Editor in 0.00 ms.
Unloading 3230 Unused Serialized files (Serialized files now loaded: 0)
System memory in use before: 146.7 MB.
System memory in use after: 146.9 MB.

Unloading 20 unused Assets to reduce memory usage. Loaded Objects now: 3683.
Total: 2.450800 ms (FindLiveObjects: 0.308000 ms CreateObjectMapping: 0.138700 ms MarkObjects: 1.940500 ms  DeleteObjects: 0.062800 ms)

========================================================================
Received Import Request.
  path: Assets/1.asset
  artifactKey: Guid(c762214535fba0a46815ad3e6cae80b4) Importer(815301076,1909f56bfc062723c751e8b465ee728b)
Start importing Assets/1.asset using Guid(c762214535fba0a46815ad3e6cae80b4) Importer(815301076,1909f56bfc062723c751e8b465ee728b)  -> (artifact id: '72f49b8e44e625c850891ae694588941') in 0.084391 seconds
  Import took 0.091692 seconds .

========================================================================
Received Prepare
Registering precompiled user dll's ...
Registered in 0.003192 seconds.
Begin MonoManager ReloadAssembly
Native extension for WindowsStandalone target not found
Refreshing native plugins compatible for Editor in 0.74 ms, found 1 plugins.
Preloading 0 native plugins for Editor in 0.00 ms.
Invoked RoslynAnalysisRunner static constructor.
RoslynAnalysisRunner will not be running.
RoslynAnalysisRunner has terminated.
Mono: successfully reloaded assembly
- Completed reload, in  1.250 seconds
Platform modules already initialized, skipping
Shader 'Universal Render Pipeline/Particles/Lit': fallback shader 'Universal Render Pipeline/Particles/SimpleLit' not found
Refreshing native plugins compatible for Editor in 0.67 ms, found 1 plugins.
Preloading 0 native plugins for Editor in 0.00 ms.
Unloading 3090 Unused Serialized files (Serialized files now loaded: 0)
System memory in use before: 138.7 MB.
System memory in use after: 138.9 MB.

Unloading 9 unused Assets to reduce memory usage. Loaded Objects now: 3685.
Total: 4.049300 ms (FindLiveObjects: 0.455300 ms CreateObjectMapping: 0.170300 ms MarkObjects: 3.391800 ms  DeleteObjects: 0.030700 ms)

========================================================================
Received Import Request.
  Time since last request: 79.160690 seconds.
  path: Assets/2.asset
  artifactKey: Guid(45d4dce92146eaf45aa056bcba12e97c) Importer(815301076,1909f56bfc062723c751e8b465ee728b)
Start importing Assets/2.asset using Guid(45d4dce92146eaf45aa056bcba12e97c) Importer(815301076,1909f56bfc062723c751e8b465ee728b)  -> (artifact id: '8583205fa6f442d37a916cd13e0b5f72') in 0.022977 seconds
  Import took 0.031569 seconds .

========================================================================
Received Prepare
Registering precompiled user dll's ...
Registered in 0.002835 seconds.
Begin MonoManager ReloadAssembly
Native extension for WindowsStandalone target not found
Refreshing native plugins compatible for Editor in 1.12 ms, found 1 plugins.
Preloading 0 native plugins for Editor in 0.00 ms.
Invoked RoslynAnalysisRunner static constructor.
RoslynAnalysisRunner will not be running.
RoslynAnalysisRunner has terminated.
Mono: successfully reloaded assembly
- Completed reload, in  1.248 seconds
Platform modules already initialized, skipping
Shader 'Universal Render Pipeline/Particles/Lit': fallback shader 'Universal Render Pipeline/Particles/SimpleLit' not found
Refreshing native plugins compatible for Editor in 0.67 ms, found 1 plugins.
Preloading 0 native plugins for Editor in 0.00 ms.
Unloading 3090 Unused Serialized files (Serialized files now loaded: 0)
System memory in use before: 139.7 MB.
System memory in use after: 139.9 MB.

Unloading 9 unused Assets to reduce memory usage. Loaded Objects now: 3687.
Total: 3.677500 ms (FindLiveObjects: 0.618900 ms CreateObjectMapping: 0.209100 ms MarkObjects: 2.814100 ms  DeleteObjects: 0.033800 ms)

========================================================================
Received Import Request.
  Time since last request: 11.119193 seconds.
  path: Assets/Editor/TileSet
  artifactKey: Guid(dd047f7f85e7ff848a2e93ca5487cdf6) Importer(815301076,1909f56bfc062723c751e8b465ee728b)
Start importing Assets/Editor/TileSet using Guid(dd047f7f85e7ff848a2e93ca5487cdf6) Importer(815301076,1909f56bfc062723c751e8b465ee728b)  -> (artifact id: 'fbf920026ec20abae2b283bb87eb001c') in 0.038009 seconds
  Import took 0.045444 seconds .

========================================================================
Received Import Request.
  Time since last request: 3.592270 seconds.
  path: Assets/Resources/MapSets/MapSet.asset
  artifactKey: Guid(7ba3e70de812ea14e9ce991f5be4a854) Importer(815301076,1909f56bfc062723c751e8b465ee728b)
Start importing Assets/Resources/MapSets/MapSet.asset using Guid(7ba3e70de812ea14e9ce991f5be4a854) Importer(815301076,1909f56bfc062723c751e8b465ee728b)  -> (artifact id: '8249eb642038e3a661f48f542ca9748c') in 0.056347 seconds
  Import took 0.063054 seconds .

========================================================================
Received Prepare
Registering precompiled user dll's ...
Registered in 0.003057 seconds.
Begin MonoManager ReloadAssembly
Native extension for WindowsStandalone target not found
Refreshing native plugins compatible for Editor in 0.71 ms, found 1 plugins.
Preloading 0 native plugins for Editor in 0.00 ms.
Invoked RoslynAnalysisRunner static constructor.
RoslynAnalysisRunner will not be running.
RoslynAnalysisRunner has terminated.
Mono: successfully reloaded assembly
- Completed reload, in  1.170 seconds
Platform modules already initialized, skipping
Shader 'Universal Render Pipeline/Particles/Lit': fallback shader 'Universal Render Pipeline/Particles/SimpleLit' not found
Refreshing native plugins compatible for Editor in 0.81 ms, found 1 plugins.
Preloading 0 native plugins for Editor in 0.00 ms.
Unloading 3090 Unused Serialized files (Serialized files now loaded: 0)
System memory in use before: 139.8 MB.
System memory in use after: 140.0 MB.

Unloading 9 unused Assets to reduce memory usage. Loaded Objects now: 3689.
Total: 3.860100 ms (FindLiveObjects: 0.506800 ms CreateObjectMapping: 0.157100 ms MarkObjects: 3.168300 ms  DeleteObjects: 0.026400 ms)

========================================================================
Received Prepare
Registering precompiled user dll's ...
Registered in 0.004191 seconds.
Begin MonoManager ReloadAssembly
Native extension for WindowsStandalone target not found
Refreshing native plugins compatible for Editor in 0.99 ms, found 1 plugins.
Preloading 0 native plugins for Editor in 0.00 ms.
Invoked RoslynAnalysisRunner static constructor.
RoslynAnalysisRunner will not be running.
RoslynAnalysisRunner has terminated.
Mono: successfully reloaded assembly
- Completed reload, in  1.490 seconds
Platform modules already initialized, skipping
Shader 'Universal Render Pipeline/Particles/Lit': fallback shader 'Universal Render Pipeline/Particles/SimpleLit' not found
Refreshing native plugins compatible for Editor in 0.75 ms, found 1 plugins.
Preloading 0 native plugins for Editor in 0.00 ms.
Unloading 3090 Unused Serialized files (Serialized files now loaded: 0)
System memory in use before: 139.8 MB.
System memory in use after: 140.0 MB.

Unloading 9 unused Assets to reduce memory usage. Loaded Objects now: 3691.
Total: 3.787900 ms (FindLiveObjects: 0.632000 ms CreateObjectMapping: 0.398800 ms MarkObjects: 2.706400 ms  DeleteObjects: 0.048900 ms)

========================================================================
Received Prepare
Registering precompiled user dll's ...
Registered in 0.010001 seconds.
Begin MonoManager ReloadAssembly
Native extension for WindowsStandalone target not found
Refreshing native plugins compatible for Editor in 0.81 ms, found 1 plugins.
Preloading 0 native plugins for Editor in 0.00 ms.
Invoked RoslynAnalysisRunner static constructor.
RoslynAnalysisRunner will not be running.
RoslynAnalysisRunner has terminated.
Mono: successfully reloaded assembly
- Completed reload, in  1.260 seconds
Platform modules already initialized, skipping
Shader 'Universal Render Pipeline/Particles/Lit': fallback shader 'Universal Render Pipeline/Particles/SimpleLit' not found
Refreshing native plugins compatible for Editor in 0.69 ms, found 1 plugins.
Preloading 0 native plugins for Editor in 0.00 ms.
Unloading 3090 Unused Serialized files (Serialized files now loaded: 0)
System memory in use before: 139.7 MB.
System memory in use after: 139.9 MB.

Unloading 9 unused Assets to reduce memory usage. Loaded Objects now: 3693.
Total: 5.974100 ms (FindLiveObjects: 0.914800 ms CreateObjectMapping: 0.389600 ms MarkObjects: 4.621900 ms  DeleteObjects: 0.045900 ms)

AssetImportWorkerClient::OnTransportError - code=2 error=End of file
